absensi_app/build/app/intermediates/manifest_merge_blame_file/debug/processDebugMainManifest/manifest-merger-blame-debug-report.txt
1<?xml version="1.0" encoding="utf-8"?>
2<manifest xmlns:android="http://schemas.android.com/apk/res/android"
3    package="com.example.absensi_app"
4    android:versionCode="1"
5    android:versionName="1.0.0" >
6
7    <uses-sdk
8        android:minSdkVersion="23"
9        android:targetSdkVersion="35" />
10    <!--
11         The INTERNET permission is required for development. Specifically,
12         the Flutter tool needs it to communicate with the running application
13         to allow setting breakpoints, to provide hot reload, etc.
14    -->
15    <uses-permission android:name="android.permission.INTERNET" />
15-->src\main\AndroidManifest.xml:4:1-62
15-->src\main\AndroidManifest.xml:4:18-60
16    <uses-permission android:name="android.permission.ACCESS_FINE_LOCATION" />
16-->src\main\AndroidManifest.xml:2:1-74
16-->src\main\AndroidManifest.xml:2:18-72
17    <uses-permission android:name="android.permission.ACCESS_COARSE_LOCATION" />
17-->src\main\AndroidManifest.xml:3:1-76
17-->src\main\AndroidManifest.xml:3:18-74
18    <!--
19 Required to query activities that can process text, see:
20         https://developer.android.com/training/package-visibility and
21         https://developer.android.com/reference/android/content/Intent#ACTION_PROCESS_TEXT.
22
23         In particular, this is used by the Flutter engine in io.flutter.plugin.text.ProcessTextPlugin.
24    -->
25    <queries>
25-->src\main\AndroidManifest.xml:44:5-49:15
26        <intent>
26-->src\main\AndroidManifest.xml:45:9-48:18
27            <action android:name="android.intent.action.PROCESS_TEXT" />
27-->src\main\AndroidManifest.xml:46:13-72
27-->src\main\AndroidManifest.xml:46:21-70
28
29            <data android:mimeType="text/plain" />
29-->src\main\AndroidManifest.xml:47:13-50
29-->src\main\AndroidManifest.xml:47:19-48
30        </intent>
31        <!-- Needs to be explicitly declared on Android R+ -->
32        <package android:name="com.google.android.apps.maps" />
32-->[com.google.android.gms:play-services-maps:18.2.0] AndroidManifest.xml:33:9-64
32-->[com.google.android.gms:play-services-maps:18.2.0] AndroidManifest.xml:33:18-61
33    </queries> <!-- Include required permissions for Google Maps API to run. -->
34    <uses-permission android:name="android.permission.ACCESS_NETWORK_STATE" />
34-->[com.google.android.gms:play-services-maps:18.2.0] AndroidManifest.xml:23:5-79
34-->[com.google.android.gms:play-services-maps:18.2.0] AndroidManifest.xml:23:22-76
35
36    <uses-feature
36-->[com.google.android.gms:play-services-maps:18.2.0] AndroidManifest.xml:26:5-28:35
37        android:glEsVersion="0x00020000"
37-->[com.google.android.gms:play-services-maps:18.2.0] AndroidManifest.xml:27:9-41
38        android:required="true" />
38-->[com.google.android.gms:play-services-maps:18.2.0] AndroidManifest.xml:28:9-32
39
40    <permission
40-->[androidx.core:core:1.16.0] AndroidManifest.xml:22:5-24:47
41        android:name="com.example.absensi_app.DYNAMIC_RECEIVER_NOT_EXPORTED_PERMISSION"
41-->[androidx.core:core:1.16.0] AndroidManifest.xml:23:9-81
42        android:protectionLevel="signature" />
42-->[androidx.core:core:1.16.0] AndroidManifest.xml:24:9-44
43
44    <uses-permission android:name="com.example.absensi_app.DYNAMIC_RECEIVER_NOT_EXPORTED_PERMISSION" />
44-->[androidx.core:core:1.16.0] AndroidManifest.xml:26:5-97
44-->[androidx.core:core:1.16.0] AndroidManifest.xml:26:22-94
45
46    <application
47        android:name="android.app.Application"
48        android:appComponentFactory="androidx.core.app.CoreComponentFactory"
48-->[androidx.core:core:1.16.0] AndroidManifest.xml:28:18-86
49        android:debuggable="true"
50        android:extractNativeLibs="false"
51        android:icon="@mipmap/ic_launcher"
52        android:label="absensi_app" >
53        <meta-data
54            android:name="com.google.android.geo.API_KEY"
55            android:value="AIzaSyAE3Q3MpbAEYfbOOpmmsLSWjpBMKh-5TGc" />
56
57        <activity
58            android:name="com.example.absensi_app.MainActivity"
59            android:configChanges="orientation|keyboardHidden|keyboard|screenSize|smallestScreenSize|locale|layoutDirection|fontScale|screenLayout|density|uiMode"
60            android:exported="true"
61            android:hardwareAccelerated="true"
62            android:launchMode="singleTop"
63            android:taskAffinity=""
64            android:theme="@style/LaunchTheme"
65            android:windowSoftInputMode="adjustResize" >
66
67            <!--
68                 Specifies an Android theme to apply to this Activity as soon as
69                 the Android process has started. This theme is visible to the user
70                 while the Flutter UI initializes. After that, this theme continues
71                 to determine the Window background behind the Flutter UI.
72            -->
73            <meta-data
74                android:name="io.flutter.embedding.android.NormalTheme"
75                android:resource="@style/NormalTheme" />
76
77            <intent-filter>
78                <action android:name="android.intent.action.MAIN" />
79
80                <category android:name="android.intent.category.LAUNCHER" />
81            </intent-filter>
82        </activity>
83        <!--
84             Don't delete the meta-data below.
85             This is used by the Flutter tool to generate GeneratedPluginRegistrant.java
86        -->
87        <meta-data
88            android:name="flutterEmbedding"
89            android:value="2" />
90
91        <service
91-->[:geolocator_android] AndroidManifest.xml:8:9-12:56
92            android:name="com.baseflow.geolocator.GeolocatorLocationService"
92-->[:geolocator_android] AndroidManifest.xml:9:13-77
93            android:enabled="true"
93-->[:geolocator_android] AndroidManifest.xml:10:13-35
94            android:exported="false"
94-->[:geolocator_android] AndroidManifest.xml:11:13-37
95            android:foregroundServiceType="location" />
95-->[:geolocator_android] AndroidManifest.xml:12:13-53
96
97        <uses-library
97-->[androidx.window:window:1.2.0] AndroidManifest.xml:23:9-25:40
98            android:name="androidx.window.extensions"
98-->[androidx.window:window:1.2.0] AndroidManifest.xml:24:13-54
99            android:required="false" />
99-->[androidx.window:window:1.2.0] AndroidManifest.xml:25:13-37
100        <uses-library
100-->[androidx.window:window:1.2.0] AndroidManifest.xml:26:9-28:40
101            android:name="androidx.window.sidecar"
101-->[androidx.window:window:1.2.0] AndroidManifest.xml:27:13-51
102            android:required="false" /> <!-- Needs to be explicitly declared on P+ -->
102-->[androidx.window:window:1.2.0] AndroidManifest.xml:28:13-37
103        <uses-library
103-->[com.google.android.gms:play-services-maps:18.2.0] AndroidManifest.xml:39:9-41:40
104            android:name="org.apache.http.legacy"
104-->[com.google.android.gms:play-services-maps:18.2.0] AndroidManifest.xml:40:13-50
105            android:required="false" />
105-->[com.google.android.gms:play-services-maps:18.2.0] AndroidManifest.xml:41:13-37
106
107        <activity
107-->[com.google.android.gms:play-services-base:18.3.0] AndroidManifest.xml:20:9-22:45
108            android:name="com.google.android.gms.common.api.GoogleApiActivity"
108-->[com.google.android.gms:play-services-base:18.3.0] AndroidManifest.xml:20:19-85
109            android:exported="false"
109-->[com.google.android.gms:play-services-base:18.3.0] AndroidManifest.xml:22:19-43
110            android:theme="@android:style/Theme.Translucent.NoTitleBar" />
110-->[com.google.android.gms:play-services-base:18.3.0] AndroidManifest.xml:21:19-78
111
112        <meta-data
112-->[com.google.android.gms:play-services-basement:18.3.0] AndroidManifest.xml:21:9-23:69
113            android:name="com.google.android.gms.version"
113-->[com.google.android.gms:play-services-basement:18.3.0] AndroidManifest.xml:22:13-58
114            android:value="@integer/google_play_services_version" />
114-->[com.google.android.gms:play-services-basement:18.3.0] AndroidManifest.xml:23:13-66
115
116        <provider
116-->[androidx.lifecycle:lifecycle-process:2.7.0] AndroidManifest.xml:24:9-32:20
117            android:name="androidx.startup.InitializationProvider"
117-->[androidx.lifecycle:lifecycle-process:2.7.0] AndroidManifest.xml:25:13-67
118            android:authorities="com.example.absensi_app.androidx-startup"
118-->[androidx.lifecycle:lifecycle-process:2.7.0] AndroidManifest.xml:26:13-68
119            android:exported="false" >
119-->[androidx.lifecycle:lifecycle-process:2.7.0] AndroidManifest.xml:27:13-37
120            <meta-data
120-->[androidx.lifecycle:lifecycle-process:2.7.0] AndroidManifest.xml:29:13-31:52
121                android:name="androidx.lifecycle.ProcessLifecycleInitializer"
121-->[androidx.lifecycle:lifecycle-process:2.7.0] AndroidManifest.xml:30:17-78
122                android:value="androidx.startup" />
122-->[androidx.lifecycle:lifecycle-process:2.7.0] AndroidManifest.xml:31:17-49
123            <meta-data
123-->[androidx.profileinstaller:profileinstaller:1.3.1] AndroidManifest.xml:29:13-31:52
124                android:name="androidx.profileinstaller.ProfileInstallerInitializer"
124-->[androidx.profileinstaller:profileinstaller:1.3.1] AndroidManifest.xml:30:17-85
125                android:value="androidx.startup" />
125-->[androidx.profileinstaller:profileinstaller:1.3.1] AndroidManifest.xml:31:17-49
126        </provider>
127
128        <receiver
128-->[androidx.profileinstaller:profileinstaller:1.3.1] AndroidManifest.xml:34:9-52:20
129            android:name="androidx.profileinstaller.ProfileInstallReceiver"
129-->[androidx.profileinstaller:profileinstaller:1.3.1] AndroidManifest.xml:35:13-76
130            android:directBootAware="false"
130-->[androidx.profileinstaller:profileinstaller:1.3.1] AndroidManifest.xml:36:13-44
131            android:enabled="true"
131-->[androidx.profileinstaller:profileinstaller:1.3.1] AndroidManifest.xml:37:13-35
132            android:exported="true"
132-->[androidx.profileinstaller:profileinstaller:1.3.1] AndroidManifest.xml:38:13-36
133            android:permission="android.permission.DUMP" >
133-->[androidx.profileinstaller:profileinstaller:1.3.1] AndroidManifest.xml:39:13-57
134            <intent-filter>
134-->[androidx.profileinstaller:profileinstaller:1.3.1] AndroidManifest.xml:40:13-42:29
135                <action android:name="androidx.profileinstaller.action.INSTALL_PROFILE" />
135-->[androidx.profileinstaller:profileinstaller:1.3.1] AndroidManifest.xml:41:17-91
135-->[androidx.profileinstaller:profileinstaller:1.3.1] AndroidManifest.xml:41:25-88
136            </intent-filter>
137            <intent-filter>
137-->[androidx.profileinstaller:profileinstaller:1.3.1] AndroidManifest.xml:43:13-45:29
138                <action android:name="androidx.profileinstaller.action.SKIP_FILE" />
138-->[androidx.profileinstaller:profileinstaller:1.3.1] AndroidManifest.xml:44:17-85
138-->[androidx.profileinstaller:profileinstaller:1.3.1] AndroidManifest.xml:44:25-82
139            </intent-filter>
140            <intent-filter>
140-->[androidx.profileinstaller:profileinstaller:1.3.1] AndroidManifest.xml:46:13-48:29
141                <action android:name="androidx.profileinstaller.action.SAVE_PROFILE" />
141-->[androidx.profileinstaller:profileinstaller:1.3.1] AndroidManifest.xml:47:17-88
141-->[androidx.profileinstaller:profileinstaller:1.3.1] AndroidManifest.xml:47:25-85
142            </intent-filter>
143            <intent-filter>
143-->[androidx.profileinstaller:profileinstaller:1.3.1] AndroidManifest.xml:49:13-51:29
144                <action android:name="androidx.profileinstaller.action.BENCHMARK_OPERATION" />
144-->[androidx.profileinstaller:profileinstaller:1.3.1] AndroidManifest.xml:50:17-95
144-->[androidx.profileinstaller:profileinstaller:1.3.1] AndroidManifest.xml:50:25-92
145            </intent-filter>
146        </receiver>
147    </application>
148
149</manifest>